API error in get_coin_details: 429 Client Error: Too Many Requests for url: https://api.coingecko.com/api/v3/coins/the-open-network
API error in get_coin_details: 429 Client Error: Too Many Requests for url: https://api.coingecko.com/api/v3/coins/ethereum
API error in get_coin_details: 429 Client Error: Too Many Requests for url: https://api.coingecko.com/api/v3/coins/bitcoin
API error in get_coin_details: 429 Client Error: Too Many Requests for url: https://api.coingecko.com/api/v3/coins/the-open-network
API error in get_coin_details: 429 Client Error: Too Many Requests for url: https://api.coingecko.com/api/v3/coins/bitcoin/market_chart?vs_currency=usd&days=1
API error in get_coin_details: 429 Client Error: Too Many Requests for url: https://api.coingecko.com/api/v3/coins/bitcoin
API error in get_coin_details: 429 Client Error: Too Many Requests for url: https://api.coingecko.com/api/v3/coins/bitcoin
API error in get_coin_details: 429 Client Error: Too Many Requests for url: https://api.coingecko.com/api/v3/coins/ethereum/market_chart?vs_currency=usd&days=1
API error in get_coin_details: 429 Client Error: Too Many Requests for url: https://api.coingecko.com/api/v3/coins/the-open-network/market_chart?vs_currency=usd&days=1
API error in get_coin_details: 429 Client Error: Too Many Requests for url: https://api.coingecko.com/api/v3/coins/bitcoin
API error in get_coin_details: 429 Client Error: Too Many Requests for url: https://api.coingecko.com/api/v3/coins/the-open-network
API error in get_coin_details: 429 Client Error: Too Many Requests for url: https://api.coingecko.com/api/v3/coins/the-open-network
API error in get_coin_details: 429 Client Error: Too Many Requests for url: https://api.coingecko.com/api/v3/coins/hamster/market_chart?vs_currency=usd&days=1
API error in get_coin_details: 429 Client Error: Too Many Requests for url: https://api.coingecko.com/api/v3/coins/ethereum/market_chart?vs_currency=usd&days=1
API error in get_coin_details: 429 Client Error: Too Many Requests for url: https://api.coingecko.com/api/v3/coins/bitcoin/market_chart?vs_currency=usd&days=1
API error in get_coin_details: 429 Client Error: Too Many Requests for url: https://api.coingecko.com/api/v3/coins/hamster
API error in get_coin_details: 429 Client Error: Too Many Requests for url: https://api.coingecko.com/api/v3/coins/bitcoin
API error in get_coin_details: 429 Client Error: Too Many Requests for url: https://api.coingecko.com/api/v3/coins/ethereum
API error in get_coin_details: 429 Client Error: Too Many Requests for url: https://api.coingecko.com/api/v3/coins/hamster/market_chart?vs_currency=usd&days=1
API error in get_coin_details: 429 Client Error: Too Many Requests for url: https://api.coingecko.com/api/v3/coins/the-open-network
API error in get_coin_price: 429 Client Error: Too Many Requests for url: https://api.coingecko.com/api/v3/simple/price?ids=ripple&vs_currencies=usd
